<?xml version="1.0" encoding="UTF-8"?>
<!-- Generated by org.testng.reporters.JUnitReportReporter -->
<testsuite hostname="IN-PG03525B" failures="0" tests="6" name="com.qa.nytimes.tests.HomePageTest" time="77.479" errors="0" timestamp="17 Jul 2024 15:57:32 GMT" skipped="0">
  <testcase classname="com.qa.nytimes.tests.HomePageTest" name="validateSearchFunctionalityTest" time="13.163"/>
  <testcase classname="com.qa.nytimes.tests.HomePageTest" name="validateLanguageTranslationTest" time="4.934"/>
  <testcase classname="com.qa.nytimes.tests.HomePageTest" name="validatingFooterTest" time="11.194"/>
  <testcase classname="com.qa.nytimes.tests.HomePageTest" name="homePageTitleTest" time="14.078"/>
  <testcase classname="com.qa.nytimes.tests.HomePageTest" name="validatingUsNewsLinkTest" time="21.664"/>
  <testcase classname="com.qa.nytimes.tests.HomePageTest" name="homeButtonLinkTest" time="12.446"/>
</testsuite> <!-- com.qa.nytimes.tests.HomePageTest -->
